['', 0, 'comm', 'interpreted and compiled by GLADE']
['', 0, 'include', '<iostream>']
['', 0, 'using', 'namespace std;']
['', 0, 'def', 'main()']
['', 0, '{']
['/main', 1, 'vari', ['max', 'long int']]
['/main', 1, 'vari', ['f', 'long int']]
['/main', 1, 'vari', ['m', 'string']]
['/main', 1, 'vari', ['m1', 'string']]
['/main', 1, 'vari', ['m2', 'string']]
['/main', 1, 'vari', ['m3', 'string']]
['/main', 1, 'vari', ['ia', 'long int']]
['/main', 1, 'vari', ['ajout', 'long int']]
['/main', 1, 'vari', ['caractere', 'string']]
['/main', 1, 'vari', ['code', 'string']]
['/main', 1, 'vari', ['n1', 'string']]
['/main', 1, 'vari', ['n2', 'string']]
['/main', 1, 'vari', ['n3', 'string']]
['/main', 1, 'vare', ['max', '11', ' = ']]
['/main', 1, 'vare', ['f', '0', ' = ']]
['/main', 1, 'print', ['"" << ', 'endl']]
['/main', 1, 'print', ['"~} "', '']]
['/main', 1, 'input', 'm']
['/main', 1, 'ignore input']
['/main', 1, 'try']
['/main', 1, '{']
['/main', 2, 'mklist', ['long int', 'm1', '0']]
['/main', 1, '}']
['/main', 1, 'except']
['/main', 1, '{']
['/main', 2, 'vare', ['m1', "' '", ' = ']]
['/main', 1, '}']
['/main', 1, 'try']
['/main', 1, '{']
['/main', 2, 'mklist', ['long int', 'm2', '1']]
['/main', 1, '}']
['/main', 1, 'except']
['/main', 1, '{']
['/main', 2, 'vare', ['m2', "' '", ' = ']]
['/main', 1, '}']
['/main', 1, 'try']
['/main', 1, '{']
['/main', 2, 'mklist', ['long int', 'm3', '2']]
['/main', 1, '}']
['/main', 1, 'except']
['/main', 1, '{']
['/main', 2, 'vare', ['m3', "' '", ' = ']]
['/main', 1, '}']
['/main', 1, 'vare', ['f', '1', ' = ']]
['/main', 1, 'for', ['idd', '0', '6', '1']]
['/main', 1, '{']
['/main/for', 2, 'for', ['ida', '0', '6', '1']]
['/main/for', 2, '{']
['/main/for/for', 3, 'vare', ['ia', 'ida', ' = ']]
['/main/for/for', 3, 'vare', ['ajout', 'idd', ' = ']]
['/main/for/for', 3, 'vare', ['caractere', 'm1', ' = ']]
['/main/for/for', 3, 'vare', ['code', 'caractere', ' = ']]
['/main/for/for', 3, 'vare', ['code', 'ajout + ajout', ' = ']]
['/main/for/for', 3, 'vare', ['n1', 'code', ' = ']]
['/main/for/for', 3, 'vare', ['ajout', 'ia', ' = ']]
['/main/for/for', 3, 'vare', ['ajout', 'min(ajout, max)', ' = ']]
['/main/for/for', 3, 'vare', ['caractere', 'm2', ' = ']]
['/main/for/for', 3, 'vare', ['code', 'caractere', ' = ']]
['/main/for/for', 3, 'vare', ['n2', 'code', ' = ']]
['/main/for/for', 3, 'vare', ['ajout', 'ia', ' = ']]
['/main/for/for', 3, 'vare', ['ajout', 'min(ajout, max)', ' = ']]
['/main/for/for', 3, 'vare', ['caractere', 'm3', ' = ']]
['/main/for/for', 3, 'vare', ['code', 'caractere', ' = ']]
['/main/for/for', 3, 'vare', ['n3', 'code', ' = ']]
['/main/for/for', 3, 'vare', ['ajout', 'ia', ' = ']]
['/main/for/for', 3, 'vare', ['ajout', 'min(ajout, max)', ' = ']]
['/main/for/for', 3, 'print', ['f << ', '""']]
['/main/for/for', 3, 'print', ['":" << "idd=" << idd << "ida=" << ia << n1 << ', '""']]
['/main/for/for', 3, 'print', ['n2 << ', '""']]
['/main/for/for', 3, 'print', ['n3 << ', 'endl']]
['/main/for', 2, '}']
['/main', 1, '}']
['', 0, '}']
